<?xml version="1.0" encoding="UTF-8"?>
<!-- Generated by org.testng.reporters.JUnitReportReporter -->
<testsuite hostname="WL313736" name="pckgSeleniumFramework.Parallel" tests="1" failures="0" timestamp="3 Jan 2017 11:33:28 GMT" time="59.293" errors="0">
  <testcase name="f" time="59.293" classname="pckgSeleniumFramework.Parallel"/>
</testsuite> <!-- pckgSeleniumFramework.Parallel -->
